<?xml version="1.0" encoding="utf-8"?><testsuites name="pytest tests"><testsuite name="pytest" errors="0" failures="0" skipped="0" tests="10" time="1.852" timestamp="2026-04-28T09:54:52.826489+00:00" hostname="agent-env-63caff33-3a96-4b46-adc4-017c667526c6"><testcase classname="backend.tests.test_syncmedia_api.TestRoot" name="test_root" time="0.267" /><testcase classname="backend.tests.test_syncmedia_api.TestContact" name="test_create_contact_valid" time="0.107" /><testcase classname="backend.tests.test_syncmedia_api.TestContact" name="test_contact_invalid_email" time="0.135" /><testcase classname="backend.tests.test_syncmedia_api.TestContact" name="test_list_contacts_requires_admin" time="0.106" /><testcase classname="backend.tests.test_syncmedia_api.TestContact" name="test_list_contacts_wrong_token" time="0.144" /><testcase classname="backend.tests.test_syncmedia_api.TestContact" name="test_list_contacts_admin_ok" time="0.260" /><testcase classname="backend.tests.test_syncmedia_api.TestNewsletter" name="test_subscribe_and_dedupe" time="0.151" /><testcase classname="backend.tests.test_syncmedia_api.TestNewsletter" name="test_newsletter_invalid_email" time="0.141" /><testcase classname="backend.tests.test_syncmedia_api.TestNewsletter" name="test_list_subscribers_requires_admin" time="0.134" /><testcase classname="backend.tests.test_syncmedia_api.TestNewsletter" name="test_list_subscribers_admin_ok" time="0.258" /></testsuite></testsuites>